2023-01-12 13:03:12,212 [Worker-6: Loading available Gradle versions] INFO  o.e.b.c.i.u.g.PublishedGradleVersions - Gradle version information cache is up-to-date. Trying to read.
2023-01-12 13:04:10,519 [Worker-1: Loading available Gradle versions] INFO  o.e.b.c.i.u.g.PublishedGradleVersions - Gradle version information cache is up-to-date. Trying to read.
2023-01-12 13:05:30,701 [Worker-14: Launching mavenrun-0240c590-d7a8-4b6a-a95f-c51404624b02] INFO  o.eclipse.m2e.core.internal.Bundles - getClasspathEntries(Bundle=org.eclipse.m2e.maven.runtime_3.8.604.20221130-2149 [606])
2023-01-12 13:05:30,711 [Worker-14: Launching mavenrun-0240c590-d7a8-4b6a-a95f-c51404624b02] INFO  o.eclipse.m2e.core.internal.Bundles - 	Entry: C:\Users\tutroy\Downloads\eclipse-jee-2022-12-R-win32-x86_64\eclipse\plugins\org.eclipse.m2e.maven.runtime_3.8.604.20221130-2149
2023-01-12 13:05:30,713 [Worker-14: Launching mavenrun-0240c590-d7a8-4b6a-a95f-c51404624b02] INFO  o.eclipse.m2e.core.internal.Bundles - 	Entry: C:\Users\tutroy\Downloads\eclipse-jee-2022-12-R-win32-x86_64\eclipse\plugins\org.eclipse.m2e.maven.runtime_3.8.604.20221130-2149\jars\aether-connector-okhttp-0.17.8.jar
2023-01-12 13:05:30,713 [Worker-14: Launching mavenrun-0240c590-d7a8-4b6a-a95f-c51404624b02] INFO  o.eclipse.m2e.core.internal.Bundles - 	Entry: C:\Users\tutroy\Downloads\eclipse-jee-2022-12-R-win32-x86_64\eclipse\plugins\org.eclipse.m2e.maven.runtime_3.8.604.20221130-2149\jars\commons-cli-1.4.jar
2023-01-12 13:05:30,713 [Worker-14: Launching mavenrun-0240c590-d7a8-4b6a-a95f-c51404624b02] INFO  o.eclipse.m2e.core.internal.Bundles - 	Entry: C:\Users\tutroy\Downloads\eclipse-jee-2022-12-R-win32-x86_64\eclipse\plugins\org.eclipse.m2e.maven.runtime_3.8.604.20221130-2149\jars\commons-io-2.6.jar
2023-01-12 13:05:30,714 [Worker-14: Launching mavenrun-0240c590-d7a8-4b6a-a95f-c51404624b02] INFO  o.eclipse.m2e.core.internal.Bundles - 	Entry: C:\Users\tutroy\Downloads\eclipse-jee-2022-12-R-win32-x86_64\eclipse\plugins\org.eclipse.m2e.maven.runtime_3.8.604.20221130-2149\jars\commons-lang3-3.8.1.jar
2023-01-12 13:05:30,714 [Worker-14: Launching mavenrun-0240c590-d7a8-4b6a-a95f-c51404624b02] INFO  o.eclipse.m2e.core.internal.Bundles - 	Entry: C:\Users\tutroy\Downloads\eclipse-jee-2022-12-R-win32-x86_64\eclipse\plugins\org.eclipse.m2e.maven.runtime_3.8.604.20221130-2149\jars\guice-4.2.2-no_aop.jar
2023-01-12 13:05:30,714 [Worker-14: Launching mavenrun-0240c590-d7a8-4b6a-a95f-c51404624b02] INFO  o.eclipse.m2e.core.internal.Bundles - 	Entry: C:\Users\tutroy\Downloads\eclipse-jee-2022-12-R-win32-x86_64\eclipse\plugins\org.eclipse.m2e.maven.runtime_3.8.604.20221130-2149\jars\jansi-2.4.0.jar
2023-01-12 13:05:30,715 [Worker-14: Launching mavenrun-0240c590-d7a8-4b6a-a95f-c51404624b02] INFO  o.eclipse.m2e.core.internal.Bundles - 	Entry: C:\Users\tutroy\Downloads\eclipse-jee-2022-12-R-win32-x86_64\eclipse\plugins\org.eclipse.m2e.maven.runtime_3.8.604.20221130-2149\jars\maven-artifact-3.8.6.jar
2023-01-12 13:05:30,715 [Worker-14: Launching mavenrun-0240c590-d7a8-4b6a-a95f-c51404624b02] INFO  o.eclipse.m2e.core.internal.Bundles - 	Entry: C:\Users\tutroy\Downloads\eclipse-jee-2022-12-R-win32-x86_64\eclipse\plugins\org.eclipse.m2e.maven.runtime_3.8.604.20221130-2149\jars\maven-builder-support-3.8.6.jar
2023-01-12 13:05:30,715 [Worker-14: Launching mavenrun-0240c590-d7a8-4b6a-a95f-c51404624b02] INFO  o.eclipse.m2e.core.internal.Bundles - 	Entry: C:\Users\tutroy\Downloads\eclipse-jee-2022-12-R-win32-x86_64\eclipse\plugins\org.eclipse.m2e.maven.runtime_3.8.604.20221130-2149\jars\maven-compat-3.8.6.jar
2023-01-12 13:05:30,716 [Worker-14: Launching mavenrun-0240c590-d7a8-4b6a-a95f-c51404624b02] INFO  o.eclipse.m2e.core.internal.Bundles - 	Entry: C:\Users\tutroy\Downloads\eclipse-jee-2022-12-R-win32-x86_64\eclipse\plugins\org.eclipse.m2e.maven.runtime_3.8.604.20221130-2149\jars\maven-core-3.8.6.jar
2023-01-12 13:05:30,716 [Worker-14: Launching mavenrun-0240c590-d7a8-4b6a-a95f-c51404624b02] INFO  o.eclipse.m2e.core.internal.Bundles - 	Entry: C:\Users\tutroy\Downloads\eclipse-jee-2022-12-R-win32-x86_64\eclipse\plugins\org.eclipse.m2e.maven.runtime_3.8.604.20221130-2149\jars\maven-embedder-3.8.6.jar
2023-01-12 13:05:30,716 [Worker-14: Launching mavenrun-0240c590-d7a8-4b6a-a95f-c51404624b02] INFO  o.eclipse.m2e.core.internal.Bundles - 	Entry: C:\Users\tutroy\Downloads\eclipse-jee-2022-12-R-win32-x86_64\eclipse\plugins\org.eclipse.m2e.maven.runtime_3.8.604.20221130-2149\jars\maven-model-3.8.6.jar
2023-01-12 13:05:30,717 [Worker-14: Launching mavenrun-0240c590-d7a8-4b6a-a95f-c51404624b02] INFO  o.eclipse.m2e.core.internal.Bundles - 	Entry: C:\Users\tutroy\Downloads\eclipse-jee-2022-12-R-win32-x86_64\eclipse\plugins\org.eclipse.m2e.maven.runtime_3.8.604.20221130-2149\jars\maven-model-builder-3.8.6.jar
2023-01-12 13:05:30,717 [Worker-14: Launching mavenrun-0240c590-d7a8-4b6a-a95f-c51404624b02] INFO  o.eclipse.m2e.core.internal.Bundles - 	Entry: C:\Users\tutroy\Downloads\eclipse-jee-2022-12-R-win32-x86_64\eclipse\plugins\org.eclipse.m2e.maven.runtime_3.8.604.20221130-2149\jars\maven-plugin-api-3.8.6.jar
2023-01-12 13:05:30,717 [Worker-14: Launching mavenrun-0240c590-d7a8-4b6a-a95f-c51404624b02] INFO  o.eclipse.m2e.core.internal.Bundles - 	Entry: C:\Users\tutroy\Downloads\eclipse-jee-2022-12-R-win32-x86_64\eclipse\plugins\org.eclipse.m2e.maven.runtime_3.8.604.20221130-2149\jars\maven-repository-metadata-3.8.6.jar
2023-01-12 13:05:30,717 [Worker-14: Launching mavenrun-0240c590-d7a8-4b6a-a95f-c51404624b02] INFO  o.eclipse.m2e.core.internal.Bundles - 	Entry: C:\Users\tutroy\Downloads\eclipse-jee-2022-12-R-win32-x86_64\eclipse\plugins\org.eclipse.m2e.maven.runtime_3.8.604.20221130-2149\jars\maven-resolver-api-1.6.3.jar
2023-01-12 13:05:30,717 [Worker-14: Launching mavenrun-0240c590-d7a8-4b6a-a95f-c51404624b02] INFO  o.eclipse.m2e.core.internal.Bundles - 	Entry: C:\Users\tutroy\Downloads\eclipse-jee-2022-12-R-win32-x86_64\eclipse\plugins\org.eclipse.m2e.maven.runtime_3.8.604.20221130-2149\jars\maven-resolver-connector-basic-1.6.3.jar
2023-01-12 13:05:30,719 [Worker-14: Launching mavenrun-0240c590-d7a8-4b6a-a95f-c51404624b02] INFO  o.eclipse.m2e.core.internal.Bundles - 	Entry: C:\Users\tutroy\Downloads\eclipse-jee-2022-12-R-win32-x86_64\eclipse\plugins\org.eclipse.m2e.maven.runtime_3.8.604.20221130-2149\jars\maven-resolver-impl-1.6.3.jar
2023-01-12 13:05:30,720 [Worker-14: Launching mavenrun-0240c590-d7a8-4b6a-a95f-c51404624b02] INFO  o.eclipse.m2e.core.internal.Bundles - 	Entry: C:\Users\tutroy\Downloads\eclipse-jee-2022-12-R-win32-x86_64\eclipse\plugins\org.eclipse.m2e.maven.runtime_3.8.604.20221130-2149\jars\maven-resolver-provider-3.8.6.jar
2023-01-12 13:05:30,721 [Worker-14: Launching mavenrun-0240c590-d7a8-4b6a-a95f-c51404624b02] INFO  o.eclipse.m2e.core.internal.Bundles - 	Entry: C:\Users\tutroy\Downloads\eclipse-jee-2022-12-R-win32-x86_64\eclipse\plugins\org.eclipse.m2e.maven.runtime_3.8.604.20221130-2149\jars\maven-resolver-spi-1.6.3.jar
2023-01-12 13:05:30,721 [Worker-14: Launching mavenrun-0240c590-d7a8-4b6a-a95f-c51404624b02] INFO  o.eclipse.m2e.core.internal.Bundles - 	Entry: C:\Users\tutroy\Downloads\eclipse-jee-2022-12-R-win32-x86_64\eclipse\plugins\org.eclipse.m2e.maven.runtime_3.8.604.20221130-2149\jars\maven-resolver-transport-wagon-1.6.3.jar
2023-01-12 13:05:30,722 [Worker-14: Launching mavenrun-0240c590-d7a8-4b6a-a95f-c51404624b02] INFO  o.eclipse.m2e.core.internal.Bundles - 	Entry: C:\Users\tutroy\Downloads\eclipse-jee-2022-12-R-win32-x86_64\eclipse\plugins\org.eclipse.m2e.maven.runtime_3.8.604.20221130-2149\jars\maven-resolver-util-1.6.3.jar
2023-01-12 13:05:30,722 [Worker-14: Launching mavenrun-0240c590-d7a8-4b6a-a95f-c51404624b02] INFO  o.eclipse.m2e.core.internal.Bundles - 	Entry: C:\Users\tutroy\Downloads\eclipse-jee-2022-12-R-win32-x86_64\eclipse\plugins\org.eclipse.m2e.maven.runtime_3.8.604.20221130-2149\jars\maven-settings-3.8.6.jar
2023-01-12 13:05:30,723 [Worker-14: Launching mavenrun-0240c590-d7a8-4b6a-a95f-c51404624b02] INFO  o.eclipse.m2e.core.internal.Bundles - 	Entry: C:\Users\tutroy\Downloads\eclipse-jee-2022-12-R-win32-x86_64\eclipse\plugins\org.eclipse.m2e.maven.runtime_3.8.604.20221130-2149\jars\maven-settings-builder-3.8.6.jar
2023-01-12 13:05:30,724 [Worker-14: Launching mavenrun-0240c590-d7a8-4b6a-a95f-c51404624b02] INFO  o.eclipse.m2e.core.internal.Bundles - 	Entry: C:\Users\tutroy\Downloads\eclipse-jee-2022-12-R-win32-x86_64\eclipse\plugins\org.eclipse.m2e.maven.runtime_3.8.604.20221130-2149\jars\maven-shared-utils-3.3.4.jar
2023-01-12 13:05:30,724 [Worker-14: Launching mavenrun-0240c590-d7a8-4b6a-a95f-c51404624b02] INFO  o.eclipse.m2e.core.internal.Bundles - 	Entry: C:\Users\tutroy\Downloads\eclipse-jee-2022-12-R-win32-x86_64\eclipse\plugins\org.eclipse.m2e.maven.runtime_3.8.604.20221130-2149\jars\okhttp-3.14.1.jar
2023-01-12 13:05:30,725 [Worker-14: Launching mavenrun-0240c590-d7a8-4b6a-a95f-c51404624b02] INFO  o.eclipse.m2e.core.internal.Bundles - 	Entry: C:\Users\tutroy\Downloads\eclipse-jee-2022-12-R-win32-x86_64\eclipse\plugins\org.eclipse.m2e.maven.runtime_3.8.604.20221130-2149\jars\okio-1.17.3.jar
2023-01-12 13:05:30,725 [Worker-14: Launching mavenrun-0240c590-d7a8-4b6a-a95f-c51404624b02] INFO  o.eclipse.m2e.core.internal.Bundles - 	Entry: C:\Users\tutroy\Downloads\eclipse-jee-2022-12-R-win32-x86_64\eclipse\plugins\org.eclipse.m2e.maven.runtime_3.8.604.20221130-2149\jars\org.eclipse.sisu.inject-0.3.5.jar
2023-01-12 13:05:30,725 [Worker-14: Launching mavenrun-0240c590-d7a8-4b6a-a95f-c51404624b02] INFO  o.eclipse.m2e.core.internal.Bundles - 	Entry: C:\Users\tutroy\Downloads\eclipse-jee-2022-12-R-win32-x86_64\eclipse\plugins\org.eclipse.m2e.maven.runtime_3.8.604.20221130-2149\jars\org.eclipse.sisu.plexus-0.3.5.jar
2023-01-12 13:05:30,726 [Worker-14: Launching mavenrun-0240c590-d7a8-4b6a-a95f-c51404624b02] INFO  o.eclipse.m2e.core.internal.Bundles - 	Entry: C:\Users\tutroy\Downloads\eclipse-jee-2022-12-R-win32-x86_64\eclipse\plugins\org.eclipse.m2e.maven.runtime_3.8.604.20221130-2149\jars\plexus-build-api-0.0.7.jar
2023-01-12 13:05:30,726 [Worker-14: Launching mavenrun-0240c590-d7a8-4b6a-a95f-c51404624b02] INFO  o.eclipse.m2e.core.internal.Bundles - 	Entry: C:\Users\tutroy\Downloads\eclipse-jee-2022-12-R-win32-x86_64\eclipse\plugins\org.eclipse.m2e.maven.runtime_3.8.604.20221130-2149\jars\plexus-cipher-2.0.jar
2023-01-12 13:05:30,726 [Worker-14: Launching mavenrun-0240c590-d7a8-4b6a-a95f-c51404624b02] INFO  o.eclipse.m2e.core.internal.Bundles - 	Entry: C:\Users\tutroy\Downloads\eclipse-jee-2022-12-R-win32-x86_64\eclipse\plugins\org.eclipse.m2e.maven.runtime_3.8.604.20221130-2149\jars\plexus-classworlds-2.6.0.jar
2023-01-12 13:05:30,727 [Worker-14: Launching mavenrun-0240c590-d7a8-4b6a-a95f-c51404624b02] INFO  o.eclipse.m2e.core.internal.Bundles - 	Entry: C:\Users\tutroy\Downloads\eclipse-jee-2022-12-R-win32-x86_64\eclipse\plugins\org.eclipse.m2e.maven.runtime_3.8.604.20221130-2149\jars\plexus-component-annotations-2.1.0.jar
2023-01-12 13:05:30,727 [Worker-14: Launching mavenrun-0240c590-d7a8-4b6a-a95f-c51404624b02] INFO  o.eclipse.m2e.core.internal.Bundles - 	Entry: C:\Users\tutroy\Downloads\eclipse-jee-2022-12-R-win32-x86_64\eclipse\plugins\org.eclipse.m2e.maven.runtime_3.8.604.20221130-2149\jars\plexus-interpolation-1.26.jar
2023-01-12 13:05:30,727 [Worker-14: Launching mavenrun-0240c590-d7a8-4b6a-a95f-c51404624b02] INFO  o.eclipse.m2e.core.internal.Bundles - 	Entry: C:\Users\tutroy\Downloads\eclipse-jee-2022-12-R-win32-x86_64\eclipse\plugins\org.eclipse.m2e.maven.runtime_3.8.604.20221130-2149\jars\plexus-sec-dispatcher-2.0.jar
2023-01-12 13:05:30,727 [Worker-14: Launching mavenrun-0240c590-d7a8-4b6a-a95f-c51404624b02] INFO  o.eclipse.m2e.core.internal.Bundles - 	Entry: C:\Users\tutroy\Downloads\eclipse-jee-2022-12-R-win32-x86_64\eclipse\plugins\org.eclipse.m2e.maven.runtime_3.8.604.20221130-2149\jars\plexus-utils-3.3.1.jar
2023-01-12 13:05:30,728 [Worker-14: Launching mavenrun-0240c590-d7a8-4b6a-a95f-c51404624b02] INFO  o.eclipse.m2e.core.internal.Bundles - 	Entry: C:\Users\tutroy\Downloads\eclipse-jee-2022-12-R-win32-x86_64\eclipse\plugins\org.eclipse.m2e.maven.runtime_3.8.604.20221130-2149\jars\wagon-file-3.5.1.jar
2023-01-12 13:05:30,728 [Worker-14: Launching mavenrun-0240c590-d7a8-4b6a-a95f-c51404624b02] INFO  o.eclipse.m2e.core.internal.Bundles - 	Entry: C:\Users\tutroy\Downloads\eclipse-jee-2022-12-R-win32-x86_64\eclipse\plugins\org.eclipse.m2e.maven.runtime_3.8.604.20221130-2149\jars\wagon-provider-api-3.5.1.jar
2023-01-12 13:05:30,731 [Worker-14: Launching mavenrun-0240c590-d7a8-4b6a-a95f-c51404624b02] INFO  o.eclipse.m2e.core.internal.Bundles - getClasspathEntries(Bundle=com.google.guava_30.1.0.v20221112-0806 [10])
2023-01-12 13:05:30,734 [Worker-14: Launching mavenrun-0240c590-d7a8-4b6a-a95f-c51404624b02] INFO  o.eclipse.m2e.core.internal.Bundles - 	Entry: C:\Users\tutroy\Downloads\eclipse-jee-2022-12-R-win32-x86_64\eclipse\plugins\com.google.guava_30.1.0.v20221112-0806.jar
2023-01-12 13:05:30,734 [Worker-14: Launching mavenrun-0240c590-d7a8-4b6a-a95f-c51404624b02] INFO  o.eclipse.m2e.core.internal.Bundles - getClasspathEntries(Bundle=slf4j.api_1.7.36 [918])
2023-01-12 13:05:30,738 [Worker-14: Launching mavenrun-0240c590-d7a8-4b6a-a95f-c51404624b02] INFO  o.eclipse.m2e.core.internal.Bundles - 	Entry: C:\Users\tutroy\Downloads\eclipse-jee-2022-12-R-win32-x86_64\eclipse\plugins\slf4j.api_1.7.36.jar
2023-01-12 13:05:30,738 [Worker-14: Launching mavenrun-0240c590-d7a8-4b6a-a95f-c51404624b02] INFO  o.eclipse.m2e.core.internal.Bundles - getClasspathEntries(Bundle=javax.inject_1.0.0.v20220405-0441 [32])
2023-01-12 13:05:30,740 [Worker-14: Launching mavenrun-0240c590-d7a8-4b6a-a95f-c51404624b02] INFO  o.eclipse.m2e.core.internal.Bundles - 	Entry: C:\Users\tutroy\Downloads\eclipse-jee-2022-12-R-win32-x86_64\eclipse\plugins\javax.inject_1.0.0.v20220405-0441.jar
2023-01-12 13:05:30,740 [Worker-14: Launching mavenrun-0240c590-d7a8-4b6a-a95f-c51404624b02] INFO  o.eclipse.m2e.core.internal.Bundles - getClasspathEntries(Bundle=javax.annotation_1.3.5.v20221112-0806 [30])
2023-01-12 13:05:30,742 [Worker-14: Launching mavenrun-0240c590-d7a8-4b6a-a95f-c51404624b02] INFO  o.eclipse.m2e.core.internal.Bundles - 	Entry: C:\Users\tutroy\Downloads\eclipse-jee-2022-12-R-win32-x86_64\eclipse\plugins\javax.annotation_1.3.5.v20221112-0806.jar
2023-01-12 13:05:30,756 [Worker-14: Launching mavenrun-0240c590-d7a8-4b6a-a95f-c51404624b02] INFO  o.e.m.i.launch.MavenLaunchDelegate - Run build in "C:\Users\tutroy\AppData\Local\Temp\m2e-archetypeGenerator6880337197622318302":
2023-01-12 13:05:30,761 [Worker-14: Launching mavenrun-0240c590-d7a8-4b6a-a95f-c51404624b02] INFO  o.e.m.i.launch.MavenLaunchDelegate -  mvn  -DarchetypeGroupId=org.apache.maven.archetypes -DarchetypeArtifactId=maven-archetype-webapp -DarchetypeVersion=1.4 -DgroupId=com.cg -DartifactId=SpringMVC-Demo -Dversion=0.0.1-SNAPSHOT -Dpackage=com.cg.SpringMVC_Demo -DoutputDirectory=C:\Users\tutroy\Documents\SpringMVC -Dstyle.color=always -U archetype:generate
2023-01-12 13:06:20,795 [Worker-17: Creating maven-archetype-webapp] INFO  o.e.m.c.i.p.ProjectConfigurationManager - Collecting project info '/pom.xml' C:\Users\tutroy\Documents\SpringMVC\SpringMVC-Demo\pom.xml
2023-01-12 13:06:22,093 [Worker-17: Creating maven-archetype-webapp] INFO  o.e.m.c.i.l.LifecycleMappingFactory - Using org.maven.ide.eclipse.wtp.WarLifecycleMapping lifecycle mapping for MavenProject: com.cg:SpringMVC-Demo:0.0.1-SNAPSHOT @ C:\Users\tutroy\Documents\SpringMVC\SpringMVC-Demo\pom.xml.
2023-01-12 13:06:23,512 [Worker-17: Creating maven-archetype-webapp] INFO  o.e.m.j.i.AbstractJavaProjectConfigurator - Adding source folder /SpringMVC-Demo/src/main/java
2023-01-12 13:06:23,513 [Worker-17: Creating maven-archetype-webapp] INFO  o.e.m.j.i.AbstractJavaProjectConfigurator - Adding source folder /SpringMVC-Demo/src/test/java
2023-01-12 13:06:26,521 [Worker-17: Creating maven-archetype-webapp] INFO  o.e.m.c.i.p.ProjectConfigurationManager - Imported and configured 1 project(s) in 5 sec
2023-01-12 13:06:27,441 [Worker-19: Building] INFO  o.e.m.c.i.embedder.EclipseLogger - Using 'UTF-8' encoding to copy filtered resources.
2023-01-12 13:06:27,442 [Worker-19: Building] INFO  o.e.m.c.i.embedder.EclipseLogger - skip non existing resourceDirectory C:\Users\tutroy\Documents\SpringMVC\SpringMVC-Demo\src\main\resources
2023-01-12 13:06:27,450 [Worker-19: Building] INFO  o.e.m.c.i.embedder.EclipseLogger - Using 'UTF-8' encoding to copy filtered resources.
2023-01-12 13:06:27,450 [Worker-19: Building] INFO  o.e.m.c.i.embedder.EclipseLogger - skip non existing resourceDirectory C:\Users\tutroy\Documents\SpringMVC\SpringMVC-Demo\src\test\resources
2023-01-12 13:06:44,220 [Worker-8: Building] INFO  o.e.m.c.i.embedder.EclipseLogger - Using 'UTF-8' encoding to copy filtered resources.
2023-01-12 13:06:44,221 [Worker-8: Building] INFO  o.e.m.c.i.embedder.EclipseLogger - skip non existing resourceDirectory C:\Users\tutroy\Documents\SpringMVC\SpringMVC-Demo\src\main\resources
2023-01-12 13:06:44,226 [Worker-8: Building] INFO  o.e.m.c.i.embedder.EclipseLogger - Using 'UTF-8' encoding to copy filtered resources.
2023-01-12 13:06:44,226 [Worker-8: Building] INFO  o.e.m.c.i.embedder.EclipseLogger - skip non existing resourceDirectory C:\Users\tutroy\Documents\SpringMVC\SpringMVC-Demo\src\test\resources
2023-01-12 13:06:47,472 [Worker-7: Building] INFO  o.e.m.c.i.embedder.EclipseLogger - Using 'UTF-8' encoding to copy filtered resources.
2023-01-12 13:06:47,472 [Worker-7: Building] INFO  o.e.m.c.i.embedder.EclipseLogger - skip non existing resourceDirectory C:\Users\tutroy\Documents\SpringMVC\SpringMVC-Demo\src\main\resources
2023-01-12 13:06:47,477 [Worker-7: Building] INFO  o.e.m.c.i.embedder.EclipseLogger - Using 'UTF-8' encoding to copy filtered resources.
2023-01-12 13:06:47,477 [Worker-7: Building] INFO  o.e.m.c.i.embedder.EclipseLogger - skip non existing resourceDirectory C:\Users\tutroy\Documents\SpringMVC\SpringMVC-Demo\src\test\resources
2023-01-12 13:06:58,685 [Worker-18: Building] INFO  o.e.m.c.i.l.LifecycleMappingFactory - Using org.maven.ide.eclipse.wtp.WarLifecycleMapping lifecycle mapping for MavenProject: com.cg:SpringMVC-Demo:0.0.1-SNAPSHOT @ C:\Users\tutroy\Documents\SpringMVC\SpringMVC-Demo\pom.xml.
2023-01-12 13:06:59,556 [Worker-18: Building] INFO  o.e.m.c.i.embedder.EclipseLogger - Using 'UTF-8' encoding to copy filtered resources.
2023-01-12 13:06:59,557 [Worker-18: Building] INFO  o.e.m.c.i.embedder.EclipseLogger - skip non existing resourceDirectory C:\Users\tutroy\Documents\SpringMVC\SpringMVC-Demo\src\main\resources
2023-01-12 13:06:59,565 [Worker-18: Building] INFO  o.e.m.c.i.embedder.EclipseLogger - Using 'UTF-8' encoding to copy filtered resources.
2023-01-12 13:06:59,565 [Worker-18: Building] INFO  o.e.m.c.i.embedder.EclipseLogger - skip non existing resourceDirectory C:\Users\tutroy\Documents\SpringMVC\SpringMVC-Demo\src\test\resources
2023-01-12 13:06:59,566 [Worker-18: Building] INFO  o.e.m.w.i.f.ResourceFilteringBuildParticipant - Changed resources require a complete clean of filtered resources of SpringMVC-Demo
2023-01-12 13:06:59,568 [Worker-18: Building] INFO  o.e.m.w.i.f.ResourceFilteringBuildParticipant - Executing resource filtering for SpringMVC-Demo
2023-01-12 13:06:59,574 [Worker-18: Building] INFO  o.e.m.c.i.embedder.EclipseLogger - Using 'UTF-8' encoding to copy filtered resources.
2023-01-12 13:07:08,599 [Worker-20: Building] INFO  o.e.m.c.i.embedder.EclipseLogger - Using 'UTF-8' encoding to copy filtered resources.
2023-01-12 13:07:08,600 [Worker-20: Building] INFO  o.e.m.c.i.embedder.EclipseLogger - skip non existing resourceDirectory C:\Users\tutroy\Documents\SpringMVC\SpringMVC-Demo\src\main\resources
2023-01-12 13:07:08,605 [Worker-20: Building] INFO  o.e.m.c.i.embedder.EclipseLogger - Using 'UTF-8' encoding to copy filtered resources.
2023-01-12 13:07:08,606 [Worker-20: Building] INFO  o.e.m.c.i.embedder.EclipseLogger - skip non existing resourceDirectory C:\Users\tutroy\Documents\SpringMVC\SpringMVC-Demo\src\test\resources
2023-01-12 13:07:10,637 [Worker-1: Building] INFO  o.e.m.c.i.embedder.EclipseLogger - Using 'UTF-8' encoding to copy filtered resources.
2023-01-12 13:07:10,638 [Worker-1: Building] INFO  o.e.m.c.i.embedder.EclipseLogger - skip non existing resourceDirectory C:\Users\tutroy\Documents\SpringMVC\SpringMVC-Demo\src\main\resources
2023-01-12 13:07:10,644 [Worker-1: Building] INFO  o.e.m.c.i.embedder.EclipseLogger - Using 'UTF-8' encoding to copy filtered resources.
2023-01-12 13:07:10,644 [Worker-1: Building] INFO  o.e.m.c.i.embedder.EclipseLogger - skip non existing resourceDirectory C:\Users\tutroy\Documents\SpringMVC\SpringMVC-Demo\src\test\resources
2023-01-12 13:07:17,808 [Worker-12: Building] INFO  o.e.m.c.i.embedder.EclipseLogger - Using 'UTF-8' encoding to copy filtered resources.
2023-01-12 13:07:17,809 [Worker-12: Building] INFO  o.e.m.c.i.embedder.EclipseLogger - skip non existing resourceDirectory C:\Users\tutroy\Documents\SpringMVC\SpringMVC-Demo\src\main\resources
2023-01-12 13:07:17,812 [Worker-12: Building] INFO  o.e.m.c.i.embedder.EclipseLogger - Using 'UTF-8' encoding to copy filtered resources.
2023-01-12 13:07:17,813 [Worker-12: Building] INFO  o.e.m.c.i.embedder.EclipseLogger - skip non existing resourceDirectory C:\Users\tutroy\Documents\SpringMVC\SpringMVC-Demo\src\test\resources
2023-01-12 13:08:38,286 [Worker-18: Building] INFO  o.e.m.c.i.embedder.EclipseLogger - Using 'UTF-8' encoding to copy filtered resources.
2023-01-12 13:08:38,287 [Worker-18: Building] INFO  o.e.m.c.i.embedder.EclipseLogger - skip non existing resourceDirectory C:\Users\tutroy\Documents\SpringMVC\SpringMVC-Demo\src\main\resources
2023-01-12 13:08:38,291 [Worker-18: Building] INFO  o.e.m.c.i.embedder.EclipseLogger - Using 'UTF-8' encoding to copy filtered resources.
2023-01-12 13:08:38,292 [Worker-18: Building] INFO  o.e.m.c.i.embedder.EclipseLogger - skip non existing resourceDirectory C:\Users\tutroy\Documents\SpringMVC\SpringMVC-Demo\src\test\resources
2023-01-12 13:09:09,645 [Worker-20: Building] INFO  o.e.m.c.i.embedder.EclipseLogger - Using 'UTF-8' encoding to copy filtered resources.
2023-01-12 13:09:09,646 [Worker-20: Building] INFO  o.e.m.c.i.embedder.EclipseLogger - skip non existing resourceDirectory C:\Users\tutroy\Documents\SpringMVC\SpringMVC-Demo\src\main\resources
2023-01-12 13:09:09,651 [Worker-20: Building] INFO  o.e.m.c.i.embedder.EclipseLogger - Using 'UTF-8' encoding to copy filtered resources.
2023-01-12 13:09:09,652 [Worker-20: Building] INFO  o.e.m.c.i.embedder.EclipseLogger - skip non existing resourceDirectory C:\Users\tutroy\Documents\SpringMVC\SpringMVC-Demo\src\test\resources
2023-01-12 13:09:23,378 [Worker-9: Building] INFO  o.e.m.c.i.embedder.EclipseLogger - Using 'UTF-8' encoding to copy filtered resources.
2023-01-12 13:09:23,379 [Worker-9: Building] INFO  o.e.m.c.i.embedder.EclipseLogger - skip non existing resourceDirectory C:\Users\tutroy\Documents\SpringMVC\SpringMVC-Demo\src\main\resources
2023-01-12 13:09:23,382 [Worker-9: Building] INFO  o.e.m.c.i.embedder.EclipseLogger - Using 'UTF-8' encoding to copy filtered resources.
2023-01-12 13:09:23,383 [Worker-9: Building] INFO  o.e.m.c.i.embedder.EclipseLogger - skip non existing resourceDirectory C:\Users\tutroy\Documents\SpringMVC\SpringMVC-Demo\src\test\resources
2023-01-12 13:09:28,935 [Worker-18: Building] INFO  o.e.m.c.i.embedder.EclipseLogger - Using 'UTF-8' encoding to copy filtered resources.
2023-01-12 13:09:28,936 [Worker-18: Building] INFO  o.e.m.c.i.embedder.EclipseLogger - skip non existing resourceDirectory C:\Users\tutroy\Documents\SpringMVC\SpringMVC-Demo\src\main\resources
2023-01-12 13:09:28,941 [Worker-18: Building] INFO  o.e.m.c.i.embedder.EclipseLogger - Using 'UTF-8' encoding to copy filtered resources.
2023-01-12 13:09:28,941 [Worker-18: Building] INFO  o.e.m.c.i.embedder.EclipseLogger - skip non existing resourceDirectory C:\Users\tutroy\Documents\SpringMVC\SpringMVC-Demo\src\test\resources
2023-01-12 13:09:44,148 [Worker-1: Building] INFO  o.e.m.c.i.embedder.EclipseLogger - Using 'UTF-8' encoding to copy filtered resources.
2023-01-12 13:09:44,149 [Worker-1: Building] INFO  o.e.m.c.i.embedder.EclipseLogger - skip non existing resourceDirectory C:\Users\tutroy\Documents\SpringMVC\SpringMVC-Demo\src\main\resources
2023-01-12 13:09:44,153 [Worker-1: Building] INFO  o.e.m.c.i.embedder.EclipseLogger - Using 'UTF-8' encoding to copy filtered resources.
2023-01-12 13:09:44,153 [Worker-1: Building] INFO  o.e.m.c.i.embedder.EclipseLogger - skip non existing resourceDirectory C:\Users\tutroy\Documents\SpringMVC\SpringMVC-Demo\src\test\resources
2023-01-12 13:09:59,511 [Worker-1: Building] INFO  o.e.m.c.i.embedder.EclipseLogger - Using 'UTF-8' encoding to copy filtered resources.
2023-01-12 13:09:59,512 [Worker-1: Building] INFO  o.e.m.c.i.embedder.EclipseLogger - skip non existing resourceDirectory C:\Users\tutroy\Documents\SpringMVC\SpringMVC-Demo\src\main\resources
2023-01-12 13:09:59,516 [Worker-1: Building] INFO  o.e.m.c.i.embedder.EclipseLogger - Using 'UTF-8' encoding to copy filtered resources.
2023-01-12 13:09:59,516 [Worker-1: Building] INFO  o.e.m.c.i.embedder.EclipseLogger - skip non existing resourceDirectory C:\Users\tutroy\Documents\SpringMVC\SpringMVC-Demo\src\test\resources
2023-01-12 13:10:41,628 [Worker-12: Building] INFO  o.e.m.c.i.embedder.EclipseLogger - Using 'UTF-8' encoding to copy filtered resources.
2023-01-12 13:10:41,629 [Worker-12: Building] INFO  o.e.m.c.i.embedder.EclipseLogger - skip non existing resourceDirectory C:\Users\tutroy\Documents\SpringMVC\SpringMVC-Demo\src\main\resources
2023-01-12 13:10:41,632 [Worker-12: Building] INFO  o.e.m.c.i.embedder.EclipseLogger - Using 'UTF-8' encoding to copy filtered resources.
2023-01-12 13:10:41,632 [Worker-12: Building] INFO  o.e.m.c.i.embedder.EclipseLogger - skip non existing resourceDirectory C:\Users\tutroy\Documents\SpringMVC\SpringMVC-Demo\src\test\resources
2023-01-12 13:11:22,084 [Worker-0: Building] INFO  o.e.m.c.i.embedder.EclipseLogger - Using 'UTF-8' encoding to copy filtered resources.
2023-01-12 13:11:22,084 [Worker-0: Building] INFO  o.e.m.c.i.embedder.EclipseLogger - skip non existing resourceDirectory C:\Users\tutroy\Documents\SpringMVC\SpringMVC-Demo\src\main\resources
2023-01-12 13:11:22,090 [Worker-0: Building] INFO  o.e.m.c.i.embedder.EclipseLogger - Using 'UTF-8' encoding to copy filtered resources.
2023-01-12 13:11:22,090 [Worker-0: Building] INFO  o.e.m.c.i.embedder.EclipseLogger - skip non existing resourceDirectory C:\Users\tutroy\Documents\SpringMVC\SpringMVC-Demo\src\test\resources
2023-01-12 13:11:30,956 [Worker-17: Building] INFO  o.e.m.c.i.embedder.EclipseLogger - Using 'UTF-8' encoding to copy filtered resources.
2023-01-12 13:11:30,957 [Worker-17: Building] INFO  o.e.m.c.i.embedder.EclipseLogger - skip non existing resourceDirectory C:\Users\tutroy\Documents\SpringMVC\SpringMVC-Demo\src\main\resources
2023-01-12 13:11:30,963 [Worker-17: Building] INFO  o.e.m.c.i.embedder.EclipseLogger - Using 'UTF-8' encoding to copy filtered resources.
2023-01-12 13:11:30,963 [Worker-17: Building] INFO  o.e.m.c.i.embedder.EclipseLogger - skip non existing resourceDirectory C:\Users\tutroy\Documents\SpringMVC\SpringMVC-Demo\src\test\resources
2023-01-12 13:11:40,766 [Worker-0: Building] INFO  o.e.m.c.i.embedder.EclipseLogger - Using 'UTF-8' encoding to copy filtered resources.
2023-01-12 13:11:40,766 [Worker-0: Building] INFO  o.e.m.c.i.embedder.EclipseLogger - skip non existing resourceDirectory C:\Users\tutroy\Documents\SpringMVC\SpringMVC-Demo\src\main\resources
2023-01-12 13:11:40,771 [Worker-0: Building] INFO  o.e.m.c.i.embedder.EclipseLogger - Using 'UTF-8' encoding to copy filtered resources.
2023-01-12 13:11:40,771 [Worker-0: Building] INFO  o.e.m.c.i.embedder.EclipseLogger - skip non existing resourceDirectory C:\Users\tutroy\Documents\SpringMVC\SpringMVC-Demo\src\test\resources
2023-01-12 13:12:11,721 [Worker-7: Building] INFO  o.e.m.c.i.embedder.EclipseLogger - Using 'UTF-8' encoding to copy filtered resources.
2023-01-12 13:12:11,723 [Worker-7: Building] INFO  o.e.m.c.i.embedder.EclipseLogger - skip non existing resourceDirectory C:\Users\tutroy\Documents\SpringMVC\SpringMVC-Demo\src\main\resources
2023-01-12 13:12:11,728 [Worker-7: Building] INFO  o.e.m.c.i.embedder.EclipseLogger - Using 'UTF-8' encoding to copy filtered resources.
2023-01-12 13:12:11,729 [Worker-7: Building] INFO  o.e.m.c.i.embedder.EclipseLogger - skip non existing resourceDirectory C:\Users\tutroy\Documents\SpringMVC\SpringMVC-Demo\src\test\resources
2023-01-12 13:12:18,923 [Worker-0: Building] INFO  o.e.m.c.i.embedder.EclipseLogger - Using 'UTF-8' encoding to copy filtered resources.
2023-01-12 13:12:18,923 [Worker-0: Building] INFO  o.e.m.c.i.embedder.EclipseLogger - skip non existing resourceDirectory C:\Users\tutroy\Documents\SpringMVC\SpringMVC-Demo\src\main\resources
2023-01-12 13:12:18,929 [Worker-0: Building] INFO  o.e.m.c.i.embedder.EclipseLogger - Using 'UTF-8' encoding to copy filtered resources.
2023-01-12 13:12:18,930 [Worker-0: Building] INFO  o.e.m.c.i.embedder.EclipseLogger - skip non existing resourceDirectory C:\Users\tutroy\Documents\SpringMVC\SpringMVC-Demo\src\test\resources
2023-01-12 13:12:35,292 [Worker-19: Building] INFO  o.e.m.c.i.embedder.EclipseLogger - Using 'UTF-8' encoding to copy filtered resources.
2023-01-12 13:12:35,292 [Worker-19: Building] INFO  o.e.m.c.i.embedder.EclipseLogger - skip non existing resourceDirectory C:\Users\tutroy\Documents\SpringMVC\SpringMVC-Demo\src\main\resources
2023-01-12 13:12:35,296 [Worker-19: Building] INFO  o.e.m.c.i.embedder.EclipseLogger - Using 'UTF-8' encoding to copy filtered resources.
2023-01-12 13:12:35,297 [Worker-19: Building] INFO  o.e.m.c.i.embedder.EclipseLogger - skip non existing resourceDirectory C:\Users\tutroy\Documents\SpringMVC\SpringMVC-Demo\src\test\resources
2023-01-12 13:13:19,442 [Worker-11: Building] INFO  o.e.m.c.i.embedder.EclipseLogger - Using 'UTF-8' encoding to copy filtered resources.
2023-01-12 13:13:19,443 [Worker-11: Building] INFO  o.e.m.c.i.embedder.EclipseLogger - skip non existing resourceDirectory C:\Users\tutroy\Documents\SpringMVC\SpringMVC-Demo\src\main\resources
2023-01-12 13:13:19,448 [Worker-11: Building] INFO  o.e.m.c.i.embedder.EclipseLogger - Using 'UTF-8' encoding to copy filtered resources.
2023-01-12 13:13:19,448 [Worker-11: Building] INFO  o.e.m.c.i.embedder.EclipseLogger - skip non existing resourceDirectory C:\Users\tutroy\Documents\SpringMVC\SpringMVC-Demo\src\test\resources
2023-01-12 13:13:21,473 [Worker-6: Building] INFO  o.e.m.c.i.embedder.EclipseLogger - Using 'UTF-8' encoding to copy filtered resources.
2023-01-12 13:13:21,473 [Worker-6: Building] INFO  o.e.m.c.i.embedder.EclipseLogger - skip non existing resourceDirectory C:\Users\tutroy\Documents\SpringMVC\SpringMVC-Demo\src\main\resources
2023-01-12 13:13:21,478 [Worker-6: Building] INFO  o.e.m.c.i.embedder.EclipseLogger - Using 'UTF-8' encoding to copy filtered resources.
2023-01-12 13:13:21,479 [Worker-6: Building] INFO  o.e.m.c.i.embedder.EclipseLogger - skip non existing resourceDirectory C:\Users\tutroy\Documents\SpringMVC\SpringMVC-Demo\src\test\resources
2023-01-12 13:13:31,753 [Worker-20: Building] INFO  o.e.m.c.i.embedder.EclipseLogger - Using 'UTF-8' encoding to copy filtered resources.
2023-01-12 13:13:31,754 [Worker-20: Building] INFO  o.e.m.c.i.embedder.EclipseLogger - skip non existing resourceDirectory C:\Users\tutroy\Documents\SpringMVC\SpringMVC-Demo\src\main\resources
2023-01-12 13:13:31,758 [Worker-20: Building] INFO  o.e.m.c.i.embedder.EclipseLogger - Using 'UTF-8' encoding to copy filtered resources.
2023-01-12 13:13:31,759 [Worker-20: Building] INFO  o.e.m.c.i.embedder.EclipseLogger - skip non existing resourceDirectory C:\Users\tutroy\Documents\SpringMVC\SpringMVC-Demo\src\test\resources
2023-01-12 13:13:34,076 [Worker-12: Building] INFO  o.e.m.c.i.embedder.EclipseLogger - Using 'UTF-8' encoding to copy filtered resources.
2023-01-12 13:13:34,077 [Worker-12: Building] INFO  o.e.m.c.i.embedder.EclipseLogger - skip non existing resourceDirectory C:\Users\tutroy\Documents\SpringMVC\SpringMVC-Demo\src\main\resources
2023-01-12 13:13:34,081 [Worker-12: Building] INFO  o.e.m.c.i.embedder.EclipseLogger - Using 'UTF-8' encoding to copy filtered resources.
2023-01-12 13:13:34,081 [Worker-12: Building] INFO  o.e.m.c.i.embedder.EclipseLogger - skip non existing resourceDirectory C:\Users\tutroy\Documents\SpringMVC\SpringMVC-Demo\src\test\resources
2023-01-12 13:13:41,206 [Worker-14: Building] INFO  o.e.m.c.i.embedder.EclipseLogger - Using 'UTF-8' encoding to copy filtered resources.
2023-01-12 13:13:41,207 [Worker-14: Building] INFO  o.e.m.c.i.embedder.EclipseLogger - skip non existing resourceDirectory C:\Users\tutroy\Documents\SpringMVC\SpringMVC-Demo\src\main\resources
2023-01-12 13:13:41,213 [Worker-14: Building] INFO  o.e.m.c.i.embedder.EclipseLogger - Using 'UTF-8' encoding to copy filtered resources.
2023-01-12 13:13:41,214 [Worker-14: Building] INFO  o.e.m.c.i.embedder.EclipseLogger - skip non existing resourceDirectory C:\Users\tutroy\Documents\SpringMVC\SpringMVC-Demo\src\test\resources
2023-01-12 13:14:09,685 [Worker-18: Building] INFO  o.e.m.c.i.embedder.EclipseLogger - Using 'UTF-8' encoding to copy filtered resources.
2023-01-12 13:14:09,686 [Worker-18: Building] INFO  o.e.m.c.i.embedder.EclipseLogger - skip non existing resourceDirectory C:\Users\tutroy\Documents\SpringMVC\SpringMVC-Demo\src\main\resources
2023-01-12 13:14:09,690 [Worker-18: Building] INFO  o.e.m.c.i.embedder.EclipseLogger - Using 'UTF-8' encoding to copy filtered resources.
2023-01-12 13:14:09,690 [Worker-18: Building] INFO  o.e.m.c.i.embedder.EclipseLogger - skip non existing resourceDirectory C:\Users\tutroy\Documents\SpringMVC\SpringMVC-Demo\src\test\resources
2023-01-12 13:15:12,359 [Worker-0: Building] INFO  o.e.m.c.i.embedder.EclipseLogger - Using 'UTF-8' encoding to copy filtered resources.
2023-01-12 13:15:12,360 [Worker-0: Building] INFO  o.e.m.c.i.embedder.EclipseLogger - skip non existing resourceDirectory C:\Users\tutroy\Documents\SpringMVC\SpringMVC-Demo\src\main\resources
2023-01-12 13:15:12,362 [Worker-0: Building] INFO  o.e.m.c.i.embedder.EclipseLogger - Using 'UTF-8' encoding to copy filtered resources.
2023-01-12 13:15:12,362 [Worker-0: Building] INFO  o.e.m.c.i.embedder.EclipseLogger - skip non existing resourceDirectory C:\Users\tutroy\Documents\SpringMVC\SpringMVC-Demo\src\test\resources
2023-01-12 14:40:50,887 [Worker-24: Building] INFO  o.e.m.c.i.embedder.EclipseLogger - Using 'UTF-8' encoding to copy filtered resources.
2023-01-12 14:40:50,887 [Worker-24: Building] INFO  o.e.m.c.i.embedder.EclipseLogger - skip non existing resourceDirectory C:\Users\tutroy\Documents\SpringMVC\SpringMVC-Demo\src\main\resources
2023-01-12 14:40:50,889 [Worker-24: Building] INFO  o.e.m.c.i.embedder.EclipseLogger - Using 'UTF-8' encoding to copy filtered resources.
2023-01-12 14:40:50,889 [Worker-24: Building] INFO  o.e.m.c.i.embedder.EclipseLogger - skip non existing resourceDirectory C:\Users\tutroy\Documents\SpringMVC\SpringMVC-Demo\src\test\resources
2023-01-12 14:43:43,695 [Worker-28: Building] INFO  o.e.m.c.i.embedder.EclipseLogger - Using 'UTF-8' encoding to copy filtered resources.
2023-01-12 14:43:43,695 [Worker-28: Building] INFO  o.e.m.c.i.embedder.EclipseLogger - skip non existing resourceDirectory C:\Users\tutroy\Documents\SpringMVC\SpringMVC-Demo\src\main\resources
2023-01-12 14:43:43,697 [Worker-28: Building] INFO  o.e.m.c.i.embedder.EclipseLogger - Using 'UTF-8' encoding to copy filtered resources.
2023-01-12 14:43:43,697 [Worker-28: Building] INFO  o.e.m.c.i.embedder.EclipseLogger - skip non existing resourceDirectory C:\Users\tutroy\Documents\SpringMVC\SpringMVC-Demo\src\test\resources
2023-01-12 14:44:42,578 [Worker-24: Building] INFO  o.e.m.c.i.embedder.EclipseLogger - Using 'UTF-8' encoding to copy filtered resources.
2023-01-12 14:44:42,578 [Worker-24: Building] INFO  o.e.m.c.i.embedder.EclipseLogger - skip non existing resourceDirectory C:\Users\tutroy\Documents\SpringMVC\SpringMVC-Demo\src\main\resources
2023-01-12 14:44:42,581 [Worker-24: Building] INFO  o.e.m.c.i.embedder.EclipseLogger - Using 'UTF-8' encoding to copy filtered resources.
2023-01-12 14:44:42,581 [Worker-24: Building] INFO  o.e.m.c.i.embedder.EclipseLogger - skip non existing resourceDirectory C:\Users\tutroy\Documents\SpringMVC\SpringMVC-Demo\src\test\resources
2023-01-12 14:51:19,617 [Worker-36: Building] INFO  o.e.m.c.i.embedder.EclipseLogger - Using 'UTF-8' encoding to copy filtered resources.
2023-01-12 14:51:19,617 [Worker-36: Building] INFO  o.e.m.c.i.embedder.EclipseLogger - skip non existing resourceDirectory C:\Users\tutroy\Documents\SpringMVC\SpringMVC-Demo\src\main\resources
2023-01-12 14:51:19,619 [Worker-36: Building] INFO  o.e.m.c.i.embedder.EclipseLogger - Using 'UTF-8' encoding to copy filtered resources.
2023-01-12 14:51:19,619 [Worker-36: Building] INFO  o.e.m.c.i.embedder.EclipseLogger - skip non existing resourceDirectory C:\Users\tutroy\Documents\SpringMVC\SpringMVC-Demo\src\test\resources
2023-01-12 14:51:22,844 [Worker-31: Building] INFO  o.e.m.c.i.embedder.EclipseLogger - Using 'UTF-8' encoding to copy filtered resources.
2023-01-12 14:51:22,844 [Worker-31: Building] INFO  o.e.m.c.i.embedder.EclipseLogger - skip non existing resourceDirectory C:\Users\tutroy\Documents\SpringMVC\SpringMVC-Demo\src\main\resources
2023-01-12 14:51:22,845 [Worker-31: Building] INFO  o.e.m.c.i.embedder.EclipseLogger - Using 'UTF-8' encoding to copy filtered resources.
2023-01-12 14:51:22,846 [Worker-31: Building] INFO  o.e.m.c.i.embedder.EclipseLogger - skip non existing resourceDirectory C:\Users\tutroy\Documents\SpringMVC\SpringMVC-Demo\src\test\resources
2023-01-12 14:51:29,300 [Worker-24: Building] INFO  o.e.m.c.i.embedder.EclipseLogger - Using 'UTF-8' encoding to copy filtered resources.
2023-01-12 14:51:29,300 [Worker-24: Building] INFO  o.e.m.c.i.embedder.EclipseLogger - skip non existing resourceDirectory C:\Users\tutroy\Documents\SpringMVC\SpringMVC-Demo\src\main\resources
2023-01-12 14:51:29,304 [Worker-24: Building] INFO  o.e.m.c.i.embedder.EclipseLogger - Using 'UTF-8' encoding to copy filtered resources.
2023-01-12 14:51:29,304 [Worker-24: Building] INFO  o.e.m.c.i.embedder.EclipseLogger - skip non existing resourceDirectory C:\Users\tutroy\Documents\SpringMVC\SpringMVC-Demo\src\test\resources
2023-01-12 14:51:45,930 [Worker-35: Building] INFO  o.e.m.c.i.embedder.EclipseLogger - Using 'UTF-8' encoding to copy filtered resources.
2023-01-12 14:51:45,931 [Worker-35: Building] INFO  o.e.m.c.i.embedder.EclipseLogger - skip non existing resourceDirectory C:\Users\tutroy\Documents\SpringMVC\SpringMVC-Demo\src\main\resources
2023-01-12 14:51:45,932 [Worker-35: Building] INFO  o.e.m.c.i.embedder.EclipseLogger - Using 'UTF-8' encoding to copy filtered resources.
2023-01-12 14:51:45,932 [Worker-35: Building] INFO  o.e.m.c.i.embedder.EclipseLogger - skip non existing resourceDirectory C:\Users\tutroy\Documents\SpringMVC\SpringMVC-Demo\src\test\resources
2023-01-12 14:51:47,941 [Worker-36: Building] INFO  o.e.m.c.i.embedder.EclipseLogger - Using 'UTF-8' encoding to copy filtered resources.
2023-01-12 14:51:47,941 [Worker-36: Building] INFO  o.e.m.c.i.embedder.EclipseLogger - skip non existing resourceDirectory C:\Users\tutroy\Documents\SpringMVC\SpringMVC-Demo\src\main\resources
2023-01-12 14:51:47,943 [Worker-36: Building] INFO  o.e.m.c.i.embedder.EclipseLogger - Using 'UTF-8' encoding to copy filtered resources.
2023-01-12 14:51:47,943 [Worker-36: Building] INFO  o.e.m.c.i.embedder.EclipseLogger - skip non existing resourceDirectory C:\Users\tutroy\Documents\SpringMVC\SpringMVC-Demo\src\test\resources
2023-01-12 14:52:59,936 [Worker-34: Building] INFO  o.e.m.c.i.embedder.EclipseLogger - Using 'UTF-8' encoding to copy filtered resources.
2023-01-12 14:52:59,937 [Worker-34: Building] INFO  o.e.m.c.i.embedder.EclipseLogger - skip non existing resourceDirectory C:\Users\tutroy\Documents\SpringMVC\SpringMVC-Demo\src\main\resources
2023-01-12 14:52:59,938 [Worker-34: Building] INFO  o.e.m.c.i.embedder.EclipseLogger - Using 'UTF-8' encoding to copy filtered resources.
2023-01-12 14:52:59,938 [Worker-34: Building] INFO  o.e.m.c.i.embedder.EclipseLogger - skip non existing resourceDirectory C:\Users\tutroy\Documents\SpringMVC\SpringMVC-Demo\src\test\resources
2023-01-12 14:53:05,647 [Worker-39: Building] INFO  o.e.m.c.i.embedder.EclipseLogger - Using 'UTF-8' encoding to copy filtered resources.
2023-01-12 14:53:05,648 [Worker-39: Building] INFO  o.e.m.c.i.embedder.EclipseLogger - skip non existing resourceDirectory C:\Users\tutroy\Documents\SpringMVC\SpringMVC-Demo\src\main\resources
2023-01-12 14:53:05,649 [Worker-39: Building] INFO  o.e.m.c.i.embedder.EclipseLogger - Using 'UTF-8' encoding to copy filtered resources.
2023-01-12 14:53:05,649 [Worker-39: Building] INFO  o.e.m.c.i.embedder.EclipseLogger - skip non existing resourceDirectory C:\Users\tutroy\Documents\SpringMVC\SpringMVC-Demo\src\test\resources
2023-01-12 14:54:17,421 [Worker-35: Building] INFO  o.e.m.c.i.embedder.EclipseLogger - Using 'UTF-8' encoding to copy filtered resources.
2023-01-12 14:54:17,422 [Worker-35: Building] INFO  o.e.m.c.i.embedder.EclipseLogger - skip non existing resourceDirectory C:\Users\tutroy\Documents\SpringMVC\SpringMVC-Demo\src\main\resources
2023-01-12 14:54:17,423 [Worker-35: Building] INFO  o.e.m.c.i.embedder.EclipseLogger - Using 'UTF-8' encoding to copy filtered resources.
2023-01-12 14:54:17,423 [Worker-35: Building] INFO  o.e.m.c.i.embedder.EclipseLogger - skip non existing resourceDirectory C:\Users\tutroy\Documents\SpringMVC\SpringMVC-Demo\src\test\resources
2023-01-12 14:54:31,997 [Worker-38: Building] INFO  o.e.m.c.i.embedder.EclipseLogger - Using 'UTF-8' encoding to copy filtered resources.
2023-01-12 14:54:31,997 [Worker-38: Building] INFO  o.e.m.c.i.embedder.EclipseLogger - skip non existing resourceDirectory C:\Users\tutroy\Documents\SpringMVC\SpringMVC-Demo\src\main\resources
2023-01-12 14:54:31,999 [Worker-38: Building] INFO  o.e.m.c.i.embedder.EclipseLogger - Using 'UTF-8' encoding to copy filtered resources.
2023-01-12 14:54:31,999 [Worker-38: Building] INFO  o.e.m.c.i.embedder.EclipseLogger - skip non existing resourceDirectory C:\Users\tutroy\Documents\SpringMVC\SpringMVC-Demo\src\test\resources
2023-01-12 14:55:21,202 [Worker-35: Building] INFO  o.e.m.c.i.embedder.EclipseLogger - Using 'UTF-8' encoding to copy filtered resources.
2023-01-12 14:55:21,202 [Worker-35: Building] INFO  o.e.m.c.i.embedder.EclipseLogger - skip non existing resourceDirectory C:\Users\tutroy\Documents\SpringMVC\SpringMVC-Demo\src\main\resources
2023-01-12 14:55:21,204 [Worker-35: Building] INFO  o.e.m.c.i.embedder.EclipseLogger - Using 'UTF-8' encoding to copy filtered resources.
2023-01-12 14:55:21,204 [Worker-35: Building] INFO  o.e.m.c.i.embedder.EclipseLogger - skip non existing resourceDirectory C:\Users\tutroy\Documents\SpringMVC\SpringMVC-Demo\src\test\resources
2023-01-12 14:55:38,508 [Worker-34: Building] INFO  o.e.m.c.i.embedder.EclipseLogger - Using 'UTF-8' encoding to copy filtered resources.
2023-01-12 14:55:38,508 [Worker-34: Building] INFO  o.e.m.c.i.embedder.EclipseLogger - skip non existing resourceDirectory C:\Users\tutroy\Documents\SpringMVC\SpringMVC-Demo\src\main\resources
2023-01-12 14:55:38,509 [Worker-34: Building] INFO  o.e.m.c.i.embedder.EclipseLogger - Using 'UTF-8' encoding to copy filtered resources.
2023-01-12 14:55:38,510 [Worker-34: Building] INFO  o.e.m.c.i.embedder.EclipseLogger - skip non existing resourceDirectory C:\Users\tutroy\Documents\SpringMVC\SpringMVC-Demo\src\test\resources
2023-01-12 14:56:20,175 [Worker-24: Building] INFO  o.e.m.c.i.embedder.EclipseLogger - Using 'UTF-8' encoding to copy filtered resources.
2023-01-12 14:56:20,176 [Worker-24: Building] INFO  o.e.m.c.i.embedder.EclipseLogger - skip non existing resourceDirectory C:\Users\tutroy\Documents\SpringMVC\SpringMVC-Demo\src\main\resources
2023-01-12 14:56:20,177 [Worker-24: Building] INFO  o.e.m.c.i.embedder.EclipseLogger - Using 'UTF-8' encoding to copy filtered resources.
2023-01-12 14:56:20,177 [Worker-24: Building] INFO  o.e.m.c.i.embedder.EclipseLogger - skip non existing resourceDirectory C:\Users\tutroy\Documents\SpringMVC\SpringMVC-Demo\src\test\resources
2023-01-12 14:57:24,266 [Worker-24: Building] INFO  o.e.m.c.i.embedder.EclipseLogger - Using 'UTF-8' encoding to copy filtered resources.
2023-01-12 14:57:24,266 [Worker-24: Building] INFO  o.e.m.c.i.embedder.EclipseLogger - skip non existing resourceDirectory C:\Users\tutroy\Documents\SpringMVC\SpringMVC-Demo\src\main\resources
2023-01-12 14:57:24,267 [Worker-24: Building] INFO  o.e.m.c.i.embedder.EclipseLogger - Using 'UTF-8' encoding to copy filtered resources.
2023-01-12 14:57:24,267 [Worker-24: Building] INFO  o.e.m.c.i.embedder.EclipseLogger - skip non existing resourceDirectory C:\Users\tutroy\Documents\SpringMVC\SpringMVC-Demo\src\test\resources
2023-01-12 14:57:52,059 [Worker-40: Building] INFO  o.e.m.c.i.embedder.EclipseLogger - Using 'UTF-8' encoding to copy filtered resources.
2023-01-12 14:57:52,059 [Worker-40: Building] INFO  o.e.m.c.i.embedder.EclipseLogger - skip non existing resourceDirectory C:\Users\tutroy\Documents\SpringMVC\SpringMVC-Demo\src\main\resources
2023-01-12 14:57:52,061 [Worker-40: Building] INFO  o.e.m.c.i.embedder.EclipseLogger - Using 'UTF-8' encoding to copy filtered resources.
2023-01-12 14:57:52,061 [Worker-40: Building] INFO  o.e.m.c.i.embedder.EclipseLogger - skip non existing resourceDirectory C:\Users\tutroy\Documents\SpringMVC\SpringMVC-Demo\src\test\resources
2023-01-12 14:58:00,043 [Worker-38: Building] INFO  o.e.m.c.i.embedder.EclipseLogger - Using 'UTF-8' encoding to copy filtered resources.
2023-01-12 14:58:00,043 [Worker-38: Building] INFO  o.e.m.c.i.embedder.EclipseLogger - skip non existing resourceDirectory C:\Users\tutroy\Documents\SpringMVC\SpringMVC-Demo\src\main\resources
2023-01-12 14:58:00,045 [Worker-38: Building] INFO  o.e.m.c.i.embedder.EclipseLogger - Using 'UTF-8' encoding to copy filtered resources.
2023-01-12 14:58:00,045 [Worker-38: Building] INFO  o.e.m.c.i.embedder.EclipseLogger - skip non existing resourceDirectory C:\Users\tutroy\Documents\SpringMVC\SpringMVC-Demo\src\test\resources
2023-01-12 14:58:13,896 [Worker-40: Building] INFO  o.e.m.c.i.embedder.EclipseLogger - Using 'UTF-8' encoding to copy filtered resources.
2023-01-12 14:58:13,896 [Worker-40: Building] INFO  o.e.m.c.i.embedder.EclipseLogger - skip non existing resourceDirectory C:\Users\tutroy\Documents\SpringMVC\SpringMVC-Demo\src\main\resources
2023-01-12 14:58:13,897 [Worker-40: Building] INFO  o.e.m.c.i.embedder.EclipseLogger - Using 'UTF-8' encoding to copy filtered resources.
2023-01-12 14:58:13,897 [Worker-40: Building] INFO  o.e.m.c.i.embedder.EclipseLogger - skip non existing resourceDirectory C:\Users\tutroy\Documents\SpringMVC\SpringMVC-Demo\src\test\resources
2023-01-12 14:58:43,239 [Worker-39: Building] INFO  o.e.m.c.i.embedder.EclipseLogger - Using 'UTF-8' encoding to copy filtered resources.
2023-01-12 14:58:43,240 [Worker-39: Building] INFO  o.e.m.c.i.embedder.EclipseLogger - skip non existing resourceDirectory C:\Users\tutroy\Documents\SpringMVC\SpringMVC-Demo\src\main\resources
2023-01-12 14:58:43,241 [Worker-39: Building] INFO  o.e.m.c.i.embedder.EclipseLogger - Using 'UTF-8' encoding to copy filtered resources.
2023-01-12 14:58:43,241 [Worker-39: Building] INFO  o.e.m.c.i.embedder.EclipseLogger - skip non existing resourceDirectory C:\Users\tutroy\Documents\SpringMVC\SpringMVC-Demo\src\test\resources
2023-01-12 14:59:03,557 [Worker-25: Building] INFO  o.e.m.c.i.embedder.EclipseLogger - Using 'UTF-8' encoding to copy filtered resources.
2023-01-12 14:59:03,558 [Worker-25: Building] INFO  o.e.m.c.i.embedder.EclipseLogger - skip non existing resourceDirectory C:\Users\tutroy\Documents\SpringMVC\SpringMVC-Demo\src\main\resources
2023-01-12 14:59:03,559 [Worker-25: Building] INFO  o.e.m.c.i.embedder.EclipseLogger - Using 'UTF-8' encoding to copy filtered resources.
2023-01-12 14:59:03,559 [Worker-25: Building] INFO  o.e.m.c.i.embedder.EclipseLogger - skip non existing resourceDirectory C:\Users\tutroy\Documents\SpringMVC\SpringMVC-Demo\src\test\resources
2023-01-12 14:59:27,973 [Worker-35: Building] INFO  o.e.m.c.i.embedder.EclipseLogger - Using 'UTF-8' encoding to copy filtered resources.
2023-01-12 14:59:27,974 [Worker-35: Building] INFO  o.e.m.c.i.embedder.EclipseLogger - skip non existing resourceDirectory C:\Users\tutroy\Documents\SpringMVC\SpringMVC-Demo\src\main\resources
2023-01-12 14:59:27,975 [Worker-35: Building] INFO  o.e.m.c.i.embedder.EclipseLogger - Using 'UTF-8' encoding to copy filtered resources.
2023-01-12 14:59:27,975 [Worker-35: Building] INFO  o.e.m.c.i.embedder.EclipseLogger - skip non existing resourceDirectory C:\Users\tutroy\Documents\SpringMVC\SpringMVC-Demo\src\test\resources
2023-01-12 15:00:04,540 [Worker-39: Building] INFO  o.e.m.c.i.embedder.EclipseLogger - Using 'UTF-8' encoding to copy filtered resources.
2023-01-12 15:00:04,541 [Worker-39: Building] INFO  o.e.m.c.i.embedder.EclipseLogger - skip non existing resourceDirectory C:\Users\tutroy\Documents\SpringMVC\SpringMVC-Demo\src\main\resources
2023-01-12 15:00:04,544 [Worker-39: Building] INFO  o.e.m.c.i.embedder.EclipseLogger - Using 'UTF-8' encoding to copy filtered resources.
2023-01-12 15:00:04,545 [Worker-39: Building] INFO  o.e.m.c.i.embedder.EclipseLogger - skip non existing resourceDirectory C:\Users\tutroy\Documents\SpringMVC\SpringMVC-Demo\src\test\resources
2023-01-12 15:00:29,523 [Worker-38: Building] INFO  o.e.m.c.i.embedder.EclipseLogger - Using 'UTF-8' encoding to copy filtered resources.
2023-01-12 15:00:29,523 [Worker-38: Building] INFO  o.e.m.c.i.embedder.EclipseLogger - skip non existing resourceDirectory C:\Users\tutroy\Documents\SpringMVC\SpringMVC-Demo\src\main\resources
2023-01-12 15:00:29,526 [Worker-38: Building] INFO  o.e.m.c.i.embedder.EclipseLogger - Using 'UTF-8' encoding to copy filtered resources.
2023-01-12 15:00:29,526 [Worker-38: Building] INFO  o.e.m.c.i.embedder.EclipseLogger - skip non existing resourceDirectory C:\Users\tutroy\Documents\SpringMVC\SpringMVC-Demo\src\test\resources
2023-01-12 15:00:55,667 [Worker-25: Building] INFO  o.e.m.c.i.embedder.EclipseLogger - Using 'UTF-8' encoding to copy filtered resources.
2023-01-12 15:00:55,668 [Worker-25: Building] INFO  o.e.m.c.i.embedder.EclipseLogger - skip non existing resourceDirectory C:\Users\tutroy\Documents\SpringMVC\SpringMVC-Demo\src\main\resources
2023-01-12 15:00:55,670 [Worker-25: Building] INFO  o.e.m.c.i.embedder.EclipseLogger - Using 'UTF-8' encoding to copy filtered resources.
2023-01-12 15:00:55,670 [Worker-25: Building] INFO  o.e.m.c.i.embedder.EclipseLogger - skip non existing resourceDirectory C:\Users\tutroy\Documents\SpringMVC\SpringMVC-Demo\src\test\resources
2023-01-12 15:01:12,629 [Worker-38: Building] INFO  o.e.m.c.i.embedder.EclipseLogger - Using 'UTF-8' encoding to copy filtered resources.
2023-01-12 15:01:12,629 [Worker-38: Building] INFO  o.e.m.c.i.embedder.EclipseLogger - skip non existing resourceDirectory C:\Users\tutroy\Documents\SpringMVC\SpringMVC-Demo\src\main\resources
2023-01-12 15:01:12,630 [Worker-38: Building] INFO  o.e.m.c.i.embedder.EclipseLogger - Using 'UTF-8' encoding to copy filtered resources.
2023-01-12 15:01:12,631 [Worker-38: Building] INFO  o.e.m.c.i.embedder.EclipseLogger - skip non existing resourceDirectory C:\Users\tutroy\Documents\SpringMVC\SpringMVC-Demo\src\test\resources
2023-01-12 15:03:16,304 [Worker-39: Building] INFO  o.e.m.c.i.embedder.EclipseLogger - Using 'UTF-8' encoding to copy filtered resources.
2023-01-12 15:03:16,304 [Worker-39: Building] INFO  o.e.m.c.i.embedder.EclipseLogger - skip non existing resourceDirectory C:\Users\tutroy\Documents\SpringMVC\SpringMVC-Demo\src\main\resources
2023-01-12 15:03:16,305 [Worker-39: Building] INFO  o.e.m.c.i.embedder.EclipseLogger - Using 'UTF-8' encoding to copy filtered resources.
2023-01-12 15:03:16,305 [Worker-39: Building] INFO  o.e.m.c.i.embedder.EclipseLogger - skip non existing resourceDirectory C:\Users\tutroy\Documents\SpringMVC\SpringMVC-Demo\src\test\resources
2023-01-12 15:04:14,141 [Worker-42: Building] INFO  o.e.m.c.i.embedder.EclipseLogger - Using 'UTF-8' encoding to copy filtered resources.
2023-01-12 15:04:14,142 [Worker-42: Building] INFO  o.e.m.c.i.embedder.EclipseLogger - skip non existing resourceDirectory C:\Users\tutroy\Documents\SpringMVC\SpringMVC-Demo\src\main\resources
2023-01-12 15:04:14,143 [Worker-42: Building] INFO  o.e.m.c.i.embedder.EclipseLogger - Using 'UTF-8' encoding to copy filtered resources.
2023-01-12 15:04:14,143 [Worker-42: Building] INFO  o.e.m.c.i.embedder.EclipseLogger - skip non existing resourceDirectory C:\Users\tutroy\Documents\SpringMVC\SpringMVC-Demo\src\test\resources
2023-01-12 15:05:00,493 [Worker-43: Building] INFO  o.e.m.c.i.embedder.EclipseLogger - Using 'UTF-8' encoding to copy filtered resources.
2023-01-12 15:05:00,493 [Worker-43: Building] INFO  o.e.m.c.i.embedder.EclipseLogger - skip non existing resourceDirectory C:\Users\tutroy\Documents\SpringMVC\SpringMVC-Demo\src\main\resources
2023-01-12 15:05:00,495 [Worker-43: Building] INFO  o.e.m.c.i.embedder.EclipseLogger - Using 'UTF-8' encoding to copy filtered resources.
2023-01-12 15:05:00,495 [Worker-43: Building] INFO  o.e.m.c.i.embedder.EclipseLogger - skip non existing resourceDirectory C:\Users\tutroy\Documents\SpringMVC\SpringMVC-Demo\src\test\resources
2023-01-12 15:05:21,944 [Worker-42: Building] INFO  o.e.m.c.i.embedder.EclipseLogger - Using 'UTF-8' encoding to copy filtered resources.
2023-01-12 15:05:21,944 [Worker-42: Building] INFO  o.e.m.c.i.embedder.EclipseLogger - skip non existing resourceDirectory C:\Users\tutroy\Documents\SpringMVC\SpringMVC-Demo\src\main\resources
2023-01-12 15:05:21,945 [Worker-42: Building] INFO  o.e.m.c.i.embedder.EclipseLogger - Using 'UTF-8' encoding to copy filtered resources.
2023-01-12 15:05:21,945 [Worker-42: Building] INFO  o.e.m.c.i.embedder.EclipseLogger - skip non existing resourceDirectory C:\Users\tutroy\Documents\SpringMVC\SpringMVC-Demo\src\test\resources
2023-01-12 15:05:24,930 [Worker-43: Building] INFO  o.e.m.c.i.embedder.EclipseLogger - Using 'UTF-8' encoding to copy filtered resources.
2023-01-12 15:05:24,930 [Worker-43: Building] INFO  o.e.m.c.i.embedder.EclipseLogger - skip non existing resourceDirectory C:\Users\tutroy\Documents\SpringMVC\SpringMVC-Demo\src\main\resources
2023-01-12 15:05:24,933 [Worker-43: Building] INFO  o.e.m.c.i.embedder.EclipseLogger - Using 'UTF-8' encoding to copy filtered resources.
2023-01-12 15:05:24,933 [Worker-43: Building] INFO  o.e.m.c.i.embedder.EclipseLogger - skip non existing resourceDirectory C:\Users\tutroy\Documents\SpringMVC\SpringMVC-Demo\src\test\resources
2023-01-12 15:05:29,568 [Worker-39: Building] INFO  o.e.m.c.i.embedder.EclipseLogger - Using 'UTF-8' encoding to copy filtered resources.
2023-01-12 15:05:29,568 [Worker-39: Building] INFO  o.e.m.c.i.embedder.EclipseLogger - skip non existing resourceDirectory C:\Users\tutroy\Documents\SpringMVC\SpringMVC-Demo\src\main\resources
2023-01-12 15:05:29,570 [Worker-39: Building] INFO  o.e.m.c.i.embedder.EclipseLogger - Using 'UTF-8' encoding to copy filtered resources.
2023-01-12 15:05:29,570 [Worker-39: Building] INFO  o.e.m.c.i.embedder.EclipseLogger - skip non existing resourceDirectory C:\Users\tutroy\Documents\SpringMVC\SpringMVC-Demo\src\test\resources
2023-01-12 15:08:29,154 [Worker-42: Building] INFO  o.e.m.c.i.embedder.EclipseLogger - Using 'UTF-8' encoding to copy filtered resources.
2023-01-12 15:08:29,155 [Worker-42: Building] INFO  o.e.m.c.i.embedder.EclipseLogger - skip non existing resourceDirectory C:\Users\tutroy\Documents\SpringMVC\SpringMVC-Demo\src\main\resources
2023-01-12 15:08:29,156 [Worker-42: Building] INFO  o.e.m.c.i.embedder.EclipseLogger - Using 'UTF-8' encoding to copy filtered resources.
2023-01-12 15:08:29,156 [Worker-42: Building] INFO  o.e.m.c.i.embedder.EclipseLogger - skip non existing resourceDirectory C:\Users\tutroy\Documents\SpringMVC\SpringMVC-Demo\src\test\resources
2023-01-12 15:08:57,580 [Worker-45: Building] INFO  o.e.m.c.i.embedder.EclipseLogger - Using 'UTF-8' encoding to copy filtered resources.
2023-01-12 15:08:57,581 [Worker-45: Building] INFO  o.e.m.c.i.embedder.EclipseLogger - skip non existing resourceDirectory C:\Users\tutroy\Documents\SpringMVC\SpringMVC-Demo\src\main\resources
2023-01-12 15:08:57,582 [Worker-45: Building] INFO  o.e.m.c.i.embedder.EclipseLogger - Using 'UTF-8' encoding to copy filtered resources.
2023-01-12 15:08:57,582 [Worker-45: Building] INFO  o.e.m.c.i.embedder.EclipseLogger - skip non existing resourceDirectory C:\Users\tutroy\Documents\SpringMVC\SpringMVC-Demo\src\test\resources
2023-01-12 15:10:40,264 [Worker-46: Building] INFO  o.e.m.c.i.embedder.EclipseLogger - Using 'UTF-8' encoding to copy filtered resources.
2023-01-12 15:10:40,264 [Worker-46: Building] INFO  o.e.m.c.i.embedder.EclipseLogger - skip non existing resourceDirectory C:\Users\tutroy\Documents\SpringMVC\SpringMVC-Demo\src\main\resources
2023-01-12 15:10:40,265 [Worker-46: Building] INFO  o.e.m.c.i.embedder.EclipseLogger - Using 'UTF-8' encoding to copy filtered resources.
2023-01-12 15:10:40,265 [Worker-46: Building] INFO  o.e.m.c.i.embedder.EclipseLogger - skip non existing resourceDirectory C:\Users\tutroy\Documents\SpringMVC\SpringMVC-Demo\src\test\resources
2023-01-12 15:14:15,123 [Worker-45: Building] INFO  o.e.m.c.i.embedder.EclipseLogger - Using 'UTF-8' encoding to copy filtered resources.
2023-01-12 15:14:15,123 [Worker-45: Building] INFO  o.e.m.c.i.embedder.EclipseLogger - skip non existing resourceDirectory C:\Users\tutroy\Documents\SpringMVC\SpringMVC-Demo\src\main\resources
2023-01-12 15:14:15,125 [Worker-45: Building] INFO  o.e.m.c.i.embedder.EclipseLogger - Using 'UTF-8' encoding to copy filtered resources.
2023-01-12 15:14:15,125 [Worker-45: Building] INFO  o.e.m.c.i.embedder.EclipseLogger - skip non existing resourceDirectory C:\Users\tutroy\Documents\SpringMVC\SpringMVC-Demo\src\test\resources
2023-01-12 15:16:10,296 [Worker-48: Building] INFO  o.e.m.c.i.embedder.EclipseLogger - Using 'UTF-8' encoding to copy filtered resources.
2023-01-12 15:16:10,296 [Worker-48: Building] INFO  o.e.m.c.i.embedder.EclipseLogger - skip non existing resourceDirectory C:\Users\tutroy\Documents\SpringMVC\SpringMVC-Demo\src\main\resources
2023-01-12 15:16:10,298 [Worker-48: Building] INFO  o.e.m.c.i.embedder.EclipseLogger - Using 'UTF-8' encoding to copy filtered resources.
2023-01-12 15:16:10,298 [Worker-48: Building] INFO  o.e.m.c.i.embedder.EclipseLogger - skip non existing resourceDirectory C:\Users\tutroy\Documents\SpringMVC\SpringMVC-Demo\src\test\resources
2023-01-12 15:16:25,373 [Worker-48: Building] INFO  o.e.m.c.i.embedder.EclipseLogger - Using 'UTF-8' encoding to copy filtered resources.
2023-01-12 15:16:25,374 [Worker-48: Building] INFO  o.e.m.c.i.embedder.EclipseLogger - skip non existing resourceDirectory C:\Users\tutroy\Documents\SpringMVC\SpringMVC-Demo\src\main\resources
2023-01-12 15:16:25,376 [Worker-48: Building] INFO  o.e.m.c.i.embedder.EclipseLogger - Using 'UTF-8' encoding to copy filtered resources.
2023-01-12 15:16:25,377 [Worker-48: Building] INFO  o.e.m.c.i.embedder.EclipseLogger - skip non existing resourceDirectory C:\Users\tutroy\Documents\SpringMVC\SpringMVC-Demo\src\test\resources
